2025-12-19T00:44:48.733Z	info	loading plugin	{"tag": "cdn_domain_matcher", "type": "query_matcher"}
2025-12-19T00:44:48.733Z	info	cdn_domain_matcher	domain matcher loaded	{"length": 294}
2025-12-19T00:44:48.734Z	info	loading plugin	{"tag": "google_domain_matcher", "type": "query_matcher"}
2025-12-19T00:44:48.734Z	info	google_domain_matcher	domain matcher loaded	{"length": 36}
2025-12-19T00:44:48.734Z	info	loading plugin	{"tag": "cdn_cname_matcher", "type": "response_matcher"}
2025-12-19T00:44:48.734Z	info	cdn_cname_matcher	cname matcher loaded	{"length": 294}
2025-12-19T00:44:48.734Z	info	loading plugin	{"tag": "cloudflare_ip_matcher", "type": "response_matcher"}
2025-12-19T00:44:48.734Z	info	cloudflare_ip_matcher	ip matcher loaded	{"length": 15}
2025-12-19T00:44:48.734Z	info	loading plugin	{"tag": "redirect_to_rocket", "type": "redirect"}
2025-12-19T00:44:48.734Z	info	redirect_to_rocket	redirect rules loaded	{"length": 1}
2025-12-19T00:44:48.734Z	info	loading plugin	{"tag": "cdn_upstream", "type": "fast_forward"}
2025-12-19T00:44:48.734Z	info	loading plugin	{"tag": "google_upstream", "type": "fast_forward"}
2025-12-19T00:44:48.734Z	info	loading plugin	{"tag": "default_upstream", "type": "fast_forward"}
2025-12-19T00:44:48.734Z	info	loading plugin	{"tag": "main", "type": "sequence"}
2025-12-19T00:44:48.734Z	info	starting server	{"proto": "udp", "addr": "0.0.0.0:5301"}
2025-12-19T00:44:48.735Z	info	starting server	{"proto": "tcp", "addr": "0.0.0.0:5301"}
2025-12-19T00:52:07.643Z	info	loading plugin	{"tag": "cdn_domain_matcher", "type": "query_matcher"}
2025-12-19T00:52:07.643Z	info	cdn_domain_matcher	domain matcher loaded	{"length": 294}
2025-12-19T00:52:07.643Z	info	loading plugin	{"tag": "google_domain_matcher", "type": "query_matcher"}
2025-12-19T00:52:07.643Z	info	google_domain_matcher	domain matcher loaded	{"length": 36}
2025-12-19T00:52:07.643Z	info	loading plugin	{"tag": "mullvad_domain_matcher", "type": "query_matcher"}
2025-12-19T00:52:07.643Z	info	mullvad_domain_matcher	domain matcher loaded	{"length": 7}
2025-12-19T00:52:07.643Z	info	loading plugin	{"tag": "cdn_cname_matcher", "type": "response_matcher"}
2025-12-19T00:52:07.644Z	info	cdn_cname_matcher	cname matcher loaded	{"length": 294}
2025-12-19T00:52:07.644Z	info	loading plugin	{"tag": "cloudflare_ip_matcher", "type": "response_matcher"}
2025-12-19T00:52:07.644Z	info	cloudflare_ip_matcher	ip matcher loaded	{"length": 15}
2025-12-19T00:52:07.644Z	info	loading plugin	{"tag": "redirect_to_rocket", "type": "redirect"}
2025-12-19T00:52:07.644Z	info	redirect_to_rocket	redirect rules loaded	{"length": 1}
2025-12-19T00:52:07.644Z	info	loading plugin	{"tag": "cdn_upstream", "type": "fast_forward"}
2025-12-19T00:52:07.644Z	info	loading plugin	{"tag": "google_upstream", "type": "fast_forward"}
2025-12-19T00:52:07.644Z	info	loading plugin	{"tag": "mullvad_upstream", "type": "fast_forward"}
2025-12-19T00:52:07.644Z	info	loading plugin	{"tag": "default_upstream", "type": "fast_forward"}
2025-12-19T00:52:07.644Z	info	loading plugin	{"tag": "main", "type": "sequence"}
2025-12-19T00:52:07.644Z	info	starting server	{"proto": "udp", "addr": "0.0.0.0:5301"}
2025-12-19T00:52:07.644Z	info	starting server	{"proto": "tcp", "addr": "0.0.0.0:5301"}
